<?xml version="1.0" encoding="UTF-8"?>
<!-- Generated by org.testng.reporters.JUnitReportReporter -->
<testsuite skipped="0" hostname="DESKTOP-3FO53C9" name="com.OrangeHrm.Testcases.LoginPageTest" tests="1" failures="0" timestamp="2022-12-29T09:33:45 IST" time="23.857" errors="0">
  <testcase name="verifyUserlogin" time="23.857" classname="com.OrangeHrm.Testcases.LoginPageTest"/>
  <system-out/>
</testsuite> <!-- com.OrangeHrm.Testcases.LoginPageTest -->
